#
# A fatal error has been detected by the Java Runtime Environment:
#
#  Internal Error (javaClasses.cpp:129), pid=8188, tid=7532
#  fatal error: Invalid layout of preloaded class
#
# JRE version: 7.0_25-b17
# Java VM: Java HotSpot(TM) 64-Bit Server VM (23.25-b01 mixed mode windows-amd64 compressed oops)
# Failed to write core dump. Minidumps are not enabled by default on client versions of Windows
#
# If you would like to submit a bug report, please visit:
#   http://bugreport.sun.com/bugreport/crash.jsp
#

---------------  T H R E A D  ---------------

Current thread (0x000000000054d000):  JavaThread "Unknown thread" [_thread_in_vm, id=7532, stack(0x00000000024c0000,0x00000000025c0000)]

Stack: [0x00000000024c0000,0x00000000025c0000]

---------------  P R O C E S S  ---------------

Java Threads: ( => current thread )

Other Threads:

=>0x000000000054d000 (exited) JavaThread "Unknown thread" [_thread_in_vm, id=7532, stack(0x00000000024c0000,0x00000000025c0000)]

VM state:not at safepoint (not fully initialized)

VM Mutex/Monitor currently owned by a thread: None

GC Heap History (0 events):
No events

Deoptimization events (0 events):
No events

Internal exceptions (0 events):
No events

Events (10 events):
Event: 0.059 loading class 0x00000000020c3900 done
Event: 0.060 loading class 0x000000000208aaf0 done
Event: 0.060 loading class 0x000000000208aac0
Event: 0.060 loading class 0x00000000020d1c10
Event: 0.060 loading class 0x00000000020d1c10 done
Event: 0.060 loading class 0x00000000020d1c50
Event: 0.060 loading class 0x00000000020d1c50 done
Event: 0.060 loading class 0x000000000211a910
Event: 0.060 loading class 0x000000000211a910 done
Event: 0.060 loading class 0x000000000208aac0 done


Dynamic libraries:
0x000000013fa80000 - 0x000000013fab3000 	C:\Program Files\Java\jre7\bin\javaw.exe
0x0000000077b40000 - 0x0000000077ce9000 	C:\Windows\SYSTEM32\ntdll.dll
0x0000000077920000 - 0x0000000077a3f000 	C:\Windows\system32\kernel32.dll
0x000007fefdb30000 - 0x000007fefdb9c000 	C:\Windows\system32\KERNELBASE.dll
0x000007fefeb20000 - 0x000007fefebfb000 	C:\Windows\system32\ADVAPI32.dll
0x000007fefea80000 - 0x000007fefeb1f000 	C:\Windows\system32\msvcrt.dll
0x000007feffba0000 - 0x000007feffbbf000 	C:\Windows\SYSTEM32\sechost.dll
0x000007feffca0000 - 0x000007feffdcd000 	C:\Windows\system32\RPCRT4.dll
0x0000000077a40000 - 0x0000000077b3a000 	C:\Windows\system32\USER32.dll
0x000007fefe850000 - 0x000007fefe8b7000 	C:\Windows\system32\GDI32.dll
0x000007feffbc0000 - 0x000007feffbce000 	C:\Windows\system32\LPK.dll
0x000007fefe960000 - 0x000007fefea29000 	C:\Windows\system32\USP10.dll
0x000007fefc9c0000 - 0x000007fefcbb4000 	C:\Windows\WinSxS\amd64_microsoft.windows.common-controls_6595b64144ccf1df_6.0.7601.17514_none_fa396087175ac9ac\COMCTL32.dll
0x000007feffdd0000 - 0x000007feffe41000 	C:\Windows\system32\SHLWAPI.dll
0x000007feffc70000 - 0x000007feffc9e000 	C:\Windows\system32\IMM32.DLL
0x000007fefe4c0000 - 0x000007fefe5c9000 	C:\Windows\system32\MSCTF.dll
0x0000000064ba0000 - 0x0000000064c71000 	C:\Program Files\Java\jre7\bin\msvcr100.dll
0x0000000064490000 - 0x0000000064b9f000 	C:\Program Files\Java\jre7\bin\server\jvm.dll
0x000007fefae20000 - 0x000007fefae29000 	C:\Windows\system32\WSOCK32.dll
0x000007fefea30000 - 0x000007fefea7d000 	C:\Windows\system32\WS2_32.dll
0x000007fefe760000 - 0x000007fefe768000 	C:\Windows\system32\NSI.dll
0x000007fefb790000 - 0x000007fefb7cb000 	C:\Windows\system32\WINMM.dll
0x0000000077d00000 - 0x0000000077d07000 	C:\Windows\system32\PSAPI.DLL
0x000000006d400000 - 0x000000006d40f000 	C:\Program Files\Java\jre7\bin\verify.dll
0x0000000064d30000 - 0x0000000064d58000 	C:\Program Files\Java\jre7\bin\java.dll
0x0000000060790000 - 0x00000000607c5000 	C:\Program Files\Java\jre7\bin\jdwp.dll
0x0000000060780000 - 0x0000000060788000 	C:\Program Files\Java\jre7\bin\npt.dll
0x0000000064d10000 - 0x0000000064d25000 	C:\Program Files\Java\jre7\bin\zip.dll

VM Arguments:
jvm_args: -agentlib:jdwp=transport=dt_socket,suspend=y,address=localhost:58134 -Dfile.encoding=UTF-8 -Xbootclasspath:E:\androidrj\adt-bundle-windows-x86-20130917\sdk\platforms\android-19\android.jar 
java_command: com.znw.parentsforum.util.FileUtil
Launcher Type: SUN_STANDARD

Environment Variables:
JAVA_HOME=C:\Program Files\Java\jdk1.7.0_25
PATH=.C:\Program Files\Java\jdk1.7.0_25\bin;C:\Windows\system32;C:\Windows;C:\Windows\System32\Wbem;C:\Windows\System32\WindowsPowerShell\v1.0\;C:\Program Files\ThinkPad\Bluetooth Software\;C:\Program Files\ThinkPad\Bluetooth Software\syswow64;F:\javautil\uml½¨Ä£\anzhuangmulu\common;;ndroid;E:\androidrj\adt-bundle-windows-x86-20130917\sdk\platform-tools
USERNAME=zhengnawei
OS=Windows_NT
PROCESSOR_IDENTIFIER=Intel64 Family 6 Model 37 Stepping 5, GenuineIntel



---------------  S Y S T E M  ---------------

OS: Windows 7 , 64 bit Build 7601 Service Pack 1

CPU:total 2 (2 cores per cpu, 1 threads per core) family 6 model 37 stepping 5, cmov, cx8, fxsr, mmx, sse, sse2, sse3, ssse3, popcnt, tsc, tscinvbit

Memory: 4k page, physical 6147760k(1651248k free), swap 12293664k(6500492k free)

vm_info: Java HotSpot(TM) 64-Bit Server VM (23.25-b01) for windows-amd64 JRE (1.7.0_25-b17), built on Jun 21 2013 12:58:32 by "java_re" with unknown MS VC++:1600

time: Sat Apr 04 12:58:25 2015
elapsed time: 0 seconds

